#
# A fatal error has been detected by the Java Runtime Environment:
#
#  EXCEPTION_ACCESS_VIOLATION (0xc0000005) at pc=0x00007ffde341bffa, pid=1032, tid=3236
#
# JRE version: Java(TM) SE Runtime Environment (17.0.1+12) (build 17.0.1+12-LTS-39)
# Java VM: Java HotSpot(TM) 64-Bit Server VM (17.0.1+12-LTS-39, mixed mode, sharing, tiered, compressed oops, compressed class ptrs, g1 gc, windows-amd64)
# Problematic frame:
# V  [jvm.dll+0x73bffa]
#
# No core dump will be written. Minidumps are not enabled by default on client versions of Windows
#
# If you would like to submit a bug report, please visit:
#   https://bugreport.java.com/bugreport/crash.jsp
#

---------------  S U M M A R Y ------------

Command Line: -XX:+ShowCodeDetailsInExceptionMessages -agentlib:jdwp=transport=dt_socket,suspend=y,address=localhost:4835 -javaagent:C:\Users\LAB7\.eclipse\org.eclipse.platform_4.21.0_1273741858_win32_win32_x86_64\configuration\org.eclipse.osgi\415\0\.cp\lib\javaagent-shaded.jar -Dfile.encoding=Cp1250 MainPom

Host: AMD Ryzen 5 3600 6-Core Processor              , 12 cores, 15G,  Windows 10 , 64 bit Build 19041 (10.0.19041.1466)
Time: Mon Feb 14 16:49:35 2022 Central European Standard Time elapsed time: 272.248195 seconds (0d 0h 4m 32s)

---------------  T H R E A D  ---------------

Current thread (0x0000017adb9cfd50):  JavaThread "JDWP Transport Listener: dt_socket" daemon [_thread_in_vm, id=3236, stack(0x0000004f16000000,0x0000004f16100000)]

Stack: [0x0000004f16000000,0x0000004f16100000],  sp=0x0000004f160ff6f0,  free space=1021k
Native frames: (J=compiled Java code, j=interpreted, Vv=VM code, C=native code)
V  [jvm.dll+0x73bffa]
V  [jvm.dll+0x50483c]
V  [jvm.dll+0x4d0154]
C  [jdwp.dll+0x22e9f]


siginfo: EXCEPTION_ACCESS_VIOLATION (0xc0000005), reading address 0x00000000008b0014


Register to memory mapping:

RIP=0x00007ffde341bffa jvm.dll
RAX=0x000000000000008c is an unknown value
RBX=0x0000017adad45a3e points into unknown readable memory: 2f 4c
RCX=0x00000000008b0010 is an unknown value
RDX=0x0000017adc148580 points into unknown readable memory: 0x79726f746361664c | 4c 66 61 63 74 6f 72 79
RSP=0x0000004f160ff6f0 is pointing into the stack for thread: 0x0000017adb9cfd50
RBP=0x0000017adb9bf270 points into unknown readable memory: 0x0000000000000002 | 02 00 00 00 00 00 00 00
RSI=0x0 is NULL
RDI=0xffffffffffffffff is an unknown value
R8 =0x0000000000000002 is an unknown value
R9 =0x000000000000000e is an unknown value
R10=0x0 is NULL
R11=0x0000004f160ff710 is pointing into the stack for thread: 0x0000017adb9cfd50
R12=0x0000004f160ff848 is pointing into the stack for thread: 0x0000017adb9cfd50
R13=0x0 is NULL
R14=0x0000000800c05ce8 is a pointer to class: 
factory.data.read.implementation.A4Strategy {0x0000000800c05cf0}
 - instance size:     2
 - klass size:        68
 - access:            public synchronized 
 - state:             fully_initialized
 - name:              'factory/data/read/implementation/A4Strategy'
 - super:             'java/lang/Object'
 - sub:               
 - arrays:            NULL
 - methods:           Array<T>(0x0000017adb43b870)
 - method ordering:   Array<T>(0x0000017adb43b620)
 - default_methods:   Array<T>(0x0000000000000000)
 - local interfaces:  Array<T>(0x0000017adb43ac70)
 - trans. interfaces: Array<T>(0x0000017adb43ac70)
 - constants:         constant pool [151] {0x0000017adb43f600} for 'factory/data/read/implementation/A4Strategy' cache=0x0000017adb43a7d0
 - class loader data:  loader data: 0x0000017adad2d0a0 for instance a 'jdk/internal/loader/ClassLoaders$AppClassLoader'{0x0000000710a69768}
 - source file:       'A4Strategy.java'
 - source debug extension:       SMAP
A4Strategy.java
Java
*S jdt
*F
1 A4Strategy.java
2 file:/C:/Users/LAB7/eclipse-workspace/CLToolBox/bin/
*L
*E

 - class annotations:       Array<T>(0x0000000000000000)
 - class type annotations:  Array<T>(0x0000000000000000)
 - field annotations:       Array<T>(0x0000000000000000)
 - field type annotations:  Array<T>(0x0000000000000000)
 - generic signature: '
[error occurred during error reporting (printing register info), id 0xc0000005, EXCEPTION_ACCESS_VIOLATION (0xc0000005) at pc=0x00007ffde341cc06]

Registers:
RAX=0x000000000000008c, RBX=0x0000017adad45a3e, RCX=0x00000000008b0010, RDX=0x0000017adc148580
RSP=0x0000004f160ff6f0, RBP=0x0000017adb9bf270, RSI=0x0000000000000000, RDI=0xffffffffffffffff
R8 =0x0000000000000002, R9 =0x000000000000000e, R10=0x0000000000000000, R11=0x0000004f160ff710
R12=0x0000004f160ff848, R13=0x0000000000000000, R14=0x0000000800c05ce8, R15=0x0000004f160ff898
RIP=0x00007ffde341bffa, EFLAGS=0x0000000000010206

Top of Stack: (sp=0x0000004f160ff6f0)
0x0000004f160ff6f0:   000000000000002b 0000000800c05ce8
0x0000004f160ff700:   0000017adb9cfd50 0000000000000000
0x0000004f160ff710:   ffffffffffffffff 00007ffde31e483c
0x0000004f160ff720:   0000017adad45a3e 0000017adad45a10
0x0000004f160ff730:   0000017adb9bf270 0000017adba20ed0
0x0000004f160ff740:   0000017adad459d0 00000000000003d8
0x0000004f160ff750:   0000017adad459e0 0000017adad45db8
0x0000004f160ff760:   0000000000000002 0000004f160ff848
0x0000004f160ff770:   0000000000000000 0000000000000000
0x0000004f160ff780:   00000007107f1d28 00007ffde31b0154
0x0000004f160ff790:   0000017adb9cfd50 0000004f160ff898
0x0000004f160ff7a0:   0000017ab7ba5e90 0000004f160ff898
0x0000004f160ff7b0:   0000017adb9cfd50 0000000000000000
0x0000004f160ff7c0:   0000017a00000000 0000000000000000
0x0000004f160ff7d0:   000000000000000d 00007ffe0ede2e9f
0x0000004f160ff7e0:   0000004f160ff890 00007ffe0edf1830 

Instructions: (pc=0x00007ffde341bffa)
0x00007ffde341befa:   48 83 c4 20 5f e9 cc 86 96 ff cc cc cc cc cc cc
0x00007ffde341bf0a:   cc cc cc cc cc cc 48 89 5c 24 08 57 48 83 ec 20
0x00007ffde341bf1a:   83 fa 02 8d 42 06 b9 08 00 00 00 49 8b d8 0f 4e
0x00007ffde341bf2a:   c1 48 63 c8 48 83 c1 07 83 e1 f8 48 63 f9 49 8b
0x00007ffde341bf3a:   48 18 48 8b c7 48 f7 d0 48 3b c1 73 16 4c 8d 05
0x00007ffde341bf4a:   7a 47 17 00 48 8b d7 48 8b cb e8 d7 e9 96 ff 48
0x00007ffde341bf5a:   8b 4b 18 48 8d 04 39 48 3b 43 20 76 18 45 33 c0
0x00007ffde341bf6a:   48 8b d7 48 8b cb 48 8b 5c 24 30 48 83 c4 20 5f
0x00007ffde341bf7a:   e9 31 e6 96 ff 48 89 43 18 48 8b c1 48 8b 5c 24
0x00007ffde341bf8a:   30 48 83 c4 20 5f c3 cc cc cc cc cc cc cc cc cc
0x00007ffde341bf9a:   cc cc cc cc cc cc 4c 8b d2 4c 8b d9 45 85 c0 7e
0x00007ffde341bfaa:   3c 44 0f b7 49 04 41 8d 40 ff 41 3b c1 44 0f 4c
0x00007ffde341bfba:   c8 4d 63 c1 45 85 c9 7e 1f 48 8b c2 4c 2b da 49
0x00007ffde341bfca:   8b d0 0f 1f 40 00 41 0f b6 4c 03 06 88 08 48 8d
0x00007ffde341bfda:   40 01 48 83 ea 01 75 ee 43 c6 04 10 00 49 8b c2
0x00007ffde341bfea:   c3 cc cc cc cc cc 48 89 5c 24 08 57 48 83 ec 20
0x00007ffde341bffa:   0f b7 59 04 48 8b f9 33 d2 48 8d 4b 01 e8 14 9b
0x00007ffde341c00a:   f8 ff 0f b7 57 04 4c 8b c0 3b da 0f 42 d3 44 8b
0x00007ffde341c01a:   ca 85 d2 74 39 48 2b f8 0f 1f 40 00 66 66 0f 1f
0x00007ffde341c02a:   84 00 00 00 00 00 0f b6 4c 07 06 88 08 48 ff c0
0x00007ffde341c03a:   48 8b c8 49 2b c8 49 3b c9 7c eb 42 c6 04 02 00
0x00007ffde341c04a:   49 8b c0 48 8b 5c 24 30 48 83 c4 20 5f c3 48 8b
0x00007ffde341c05a:   5c 24 30 c6 04 02 00 48 83 c4 20 5f c3 cc cc cc
0x00007ffde341c06a:   cc cc cc cc cc cc 4c 8b d1 45 85 c0 7e 6c 44 0f
0x00007ffde341c07a:   b7 49 04 41 8d 40 ff 41 3b c1 44 0f 4c c8 4d 63
0x00007ffde341c08a:   d9 45 85 c9 7e 22 48 8b ca 4c 2b d2 4d 8b c3 0f
0x00007ffde341c09a:   1f 80 00 00 00 00 41 0f b6 44 0a 06 88 01 48 8d
0x00007ffde341c0aa:   49 01 49 83 e8 01 75 ee 41 c6 04 13 00 48 c7 c0
0x00007ffde341c0ba:   ff ff ff ff 66 90 48 ff c0 80 3c 02 00 75 f7 48
0x00007ffde341c0ca:   63 c8 85 c0 48 8b c2 7e 14 80 38 2f 75 03 c6 00
0x00007ffde341c0da:   2e 48 ff c0 48 83 e9 01 75 ef 48 8b c2 c3 cc cc
0x00007ffde341c0ea:   cc cc cc cc cc cc 48 83 ec 28 e8 f7 fe ff ff 4c 


Stack slot to memory mapping:
stack at sp + 0 slots: 0x000000000000002b is an unknown value
stack at sp + 1 slots: 0x0000000800c05ce8 is a pointer to class: 
factory.data.read.implementation.A4Strategy {0x0000000800c05cf0}
 - instance size:     2
 - klass size:        68
 - access:            public synchronized 
 - state:             fully_initialized
 - name:              'factory/data/read/implementation/A4Strategy'
 - super:             'java/lang/Object'
 - sub:               
 - arrays:            NULL
 - methods:           Array<T>(0x0000017adb43b870)
 - method ordering:   Array<T>(0x0000017adb43b620)
 - default_methods:   Array<T>(0x0000000000000000)
 - local interfaces:  Array<T>(0x0000017adb43ac70)
 - trans. interfaces: Array<T>(0x0000017adb43ac70)
 - constants:         constant pool [151] {0x0000017adb43f600} for 'factory/data/read/implementation/A4Strategy' cache=0x0000017adb43a7d0
 - class loader data:  loader data: 0x0000017adad2d0a0 for instance a 'jdk/internal/loader/ClassLoaders$AppClassLoader'{0x0000000710a69768}
 - source file:       'A4Strategy.java'
 - source debug extension:       SMAP
A4Strategy.java
Java
*S jdt
*F
1 A4Strategy.java
2 file:/C:/Users/LAB7/eclipse-workspace/CLToolBox/bin/
*L
*E

 - class annotations:       Array<T>(0x0000000000000000)
 - class type annotations:  Array<T>(0x0000000000000000)
 - field annotations:       Array<T>(0x0000000000000000)
 - field type annotations:  Array<T>(0x0000000000000000)
 - generic signature: '
[error occurred during error reporting (inspecting top of stack), id 0xc0000005, EXCEPTION_ACCESS_VIOLATION (0xc0000005) at pc=0x00007ffde341cc06]


---------------  P R O C E S S  ---------------

Threads class SMR info:
_java_thread_list=0x0000017adc358a90, length=15, elements={
0x0000017ab7bb8090, 0x0000017adad230b0, 0x0000017adad265e0, 0x0000017adad3b0c0,
0x0000017adad3bb80, 0x0000017adad3eff0, 0x0000017adad40d90, 0x0000017adad45080,
0x0000017adad48610, 0x0000017adb808680, 0x0000017adb901560, 0x0000017adb9cfd50,
0x0000017adb9d1c00, 0x0000017adb9d22e0, 0x0000017adbbf67c0
}

Java Threads: ( => current thread )
  0x0000017ab7bb8090 JavaThread "main" [_thread_blocked, id=11808, stack(0x0000004f14f00000,0x0000004f15000000)]
  0x0000017adad230b0 JavaThread "Reference Handler" daemon [_thread_blocked, id=5040, stack(0x0000004f15600000,0x0000004f15700000)]
  0x0000017adad265e0 JavaThread "Finalizer" daemon [_thread_blocked, id=11772, stack(0x0000004f15700000,0x0000004f15800000)]
  0x0000017adad3b0c0 JavaThread "Signal Dispatcher" daemon [_thread_blocked, id=10832, stack(0x0000004f15800000,0x0000004f15900000)]
  0x0000017adad3bb80 JavaThread "Attach Listener" daemon [_thread_blocked, id=4864, stack(0x0000004f15900000,0x0000004f15a00000)]
  0x0000017adad3eff0 JavaThread "Service Thread" daemon [_thread_blocked, id=8716, stack(0x0000004f15a00000,0x0000004f15b00000)]
  0x0000017adad40d90 JavaThread "Monitor Deflation Thread" daemon [_thread_blocked, id=9108, stack(0x0000004f15b00000,0x0000004f15c00000)]
  0x0000017adad45080 JavaThread "C2 CompilerThread0" daemon [_thread_blocked, id=3548, stack(0x0000004f15c00000,0x0000004f15d00000)]
  0x0000017adad48610 JavaThread "C1 CompilerThread0" daemon [_thread_blocked, id=5248, stack(0x0000004f15d00000,0x0000004f15e00000)]
  0x0000017adb808680 JavaThread "Sweeper thread" daemon [_thread_blocked, id=6432, stack(0x0000004f15e00000,0x0000004f15f00000)]
  0x0000017adb901560 JavaThread "Common-Cleaner" daemon [_thread_blocked, id=5544, stack(0x0000004f15f00000,0x0000004f16000000)]
=>0x0000017adb9cfd50 JavaThread "JDWP Transport Listener: dt_socket" daemon [_thread_in_vm, id=3236, stack(0x0000004f16000000,0x0000004f16100000)]
  0x0000017adb9d1c00 JavaThread "JDWP Event Helper Thread" daemon [_thread_blocked, id=8928, stack(0x0000004f16100000,0x0000004f16200000)]
  0x0000017adb9d22e0 JavaThread "JDWP Command Reader" daemon [_thread_in_native, id=9236, stack(0x0000004f16200000,0x0000004f16300000)]
  0x0000017adbbf67c0 JavaThread "Notification Thread" daemon [_thread_blocked, id=10280, stack(0x0000004f16400000,0x0000004f16500000)]

Other Threads:
  0x0000017adad1de00 VMThread "VM Thread" [stack: 0x0000004f15500000,0x0000004f15600000] [id=9984]
  0x0000017ab7c206f0 WatcherThread [stack: 0x0000004f16500000,0x0000004f16600000] [id=10216]
  0x0000017ab7c08060 GCTaskThread "GC Thread#0" [stack: 0x0000004f15000000,0x0000004f15100000] [id=11344]
  0x0000017ab7c19590 ConcurrentGCThread "G1 Main Marker" [stack: 0x0000004f15100000,0x0000004f15200000] [id=11784]
  0x0000017ab7c19eb0 ConcurrentGCThread "G1 Conc#0" [stack: 0x0000004f15200000,0x0000004f15300000] [id=9792]
  0x0000017ab7c8e5d0 ConcurrentGCThread "G1 Refine#0" [stack: 0x0000004f15300000,0x0000004f15400000] [id=7076]
  0x0000017adabd7500 ConcurrentGCThread "G1 Service" [stack: 0x0000004f15400000,0x0000004f15500000] [id=7456]

Threads with active compile tasks:

VM state: not at safepoint (normal execution)

VM Mutex/Monitor currently owned by a thread: None

Heap address: 0x0000000700c00000, size: 4084 MB, Compressed Oops mode: Zero based, Oop shift amount: 3

CDS archive(s) mapped at: [0x0000000800000000-0x0000000800bc0000-0x0000000800bc0000), size 12320768, SharedBaseAddress: 0x0000000800000000, ArchiveRelocationMode: 0.
Compressed class space mapped at: 0x0000000800c00000-0x0000000840c00000, reserved size: 1073741824
Narrow klass base: 0x0000000800000000, Narrow klass shift: 0, Narrow klass range: 0x100000000

GC Precious Log:
 CPUs: 12 total, 12 available
 Memory: 16330M
 Large Page Support: Disabled
 NUMA Support: Disabled
 Compressed Oops: Enabled (Zero based)
 Heap Region Size: 2M
 Heap Min Capacity: 8M
 Heap Initial Capacity: 256M
 Heap Max Capacity: 4084M
 Pre-touch: Disabled
 Parallel Workers: 10
 Concurrent Workers: 3
 Concurrent Refinement Workers: 10
 Periodic GC: Disabled

Heap:
 garbage-first heap   total 262144K, used 6144K [0x0000000700c00000, 0x0000000800000000)
  region size 2048K, 4 young (8192K), 0 survivors (0K)
 Metaspace       used 2768K, committed 2880K, reserved 1056768K
  class space    used 249K, committed 320K, reserved 1048576K

Heap Regions: E=young(eden), S=young(survivor), O=old, HS=humongous(starts), HC=humongous(continues), CS=collection set, F=free, OA=open archive, CA=closed archive, TAMS=top-at-mark-start (previous, next)
|   0|0x0000000700c00000, 0x0000000700c00000, 0x0000000700e00000|  0%| F|  |TAMS 0x0000000700c00000, 0x0000000700c00000| Untracked 
|   1|0x0000000700e00000, 0x0000000700e00000, 0x0000000701000000|  0%| F|  |TAMS 0x0000000700e00000, 0x0000000700e00000| Untracked 
|   2|0x0000000701000000, 0x0000000701000000, 0x0000000701200000|  0%| F|  |TAMS 0x0000000701000000, 0x0000000701000000| Untracked 
|   3|0x0000000701200000, 0x0000000701200000, 0x0000000701400000|  0%| F|  |TAMS 0x0000000701200000, 0x0000000701200000| Untracked 
|   4|0x0000000701400000, 0x0000000701400000, 0x0000000701600000|  0%| F|  |TAMS 0x0000000701400000, 0x0000000701400000| Untracked 
|   5|0x0000000701600000, 0x0000000701600000, 0x0000000701800000|  0%| F|  |TAMS 0x0000000701600000, 0x0000000701600000| Untracked 
|   6|0x0000000701800000, 0x0000000701800000, 0x0000000701a00000|  0%| F|  |TAMS 0x0000000701800000, 0x0000000701800000| Untracked 
|   7|0x0000000701a00000, 0x0000000701a00000, 0x0000000701c00000|  0%| F|  |TAMS 0x0000000701a00000, 0x0000000701a00000| Untracked 
|   8|0x0000000701c00000, 0x0000000701c00000, 0x0000000701e00000|  0%| F|  |TAMS 0x0000000701c00000, 0x0000000701c00000| Untracked 
|   9|0x0000000701e00000, 0x0000000701e00000, 0x0000000702000000|  0%| F|  |TAMS 0x0000000701e00000, 0x0000000701e00000| Untracked 
|  10|0x0000000702000000, 0x0000000702000000, 0x0000000702200000|  0%| F|  |TAMS 0x0000000702000000, 0x0000000702000000| Untracked 
|  11|0x0000000702200000, 0x0000000702200000, 0x0000000702400000|  0%| F|  |TAMS 0x0000000702200000, 0x0000000702200000| Untracked 
|  12|0x0000000702400000, 0x0000000702400000, 0x0000000702600000|  0%| F|  |TAMS 0x0000000702400000, 0x0000000702400000| Untracked 
|  13|0x0000000702600000, 0x0000000702600000, 0x0000000702800000|  0%| F|  |TAMS 0x0000000702600000, 0x0000000702600000| Untracked 
|  14|0x0000000702800000, 0x0000000702800000, 0x0000000702a00000|  0%| F|  |TAMS 0x0000000702800000, 0x0000000702800000| Untracked 
|  15|0x0000000702a00000, 0x0000000702a00000, 0x0000000702c00000|  0%| F|  |TAMS 0x0000000702a00000, 0x0000000702a00000| Untracked 
|  16|0x0000000702c00000, 0x0000000702c00000, 0x0000000702e00000|  0%| F|  |TAMS 0x0000000702c00000, 0x0000000702c00000| Untracked 
|  17|0x0000000702e00000, 0x0000000702e00000, 0x0000000703000000|  0%| F|  |TAMS 0x0000000702e00000, 0x0000000702e00000| Untracked 
|  18|0x0000000703000000, 0x0000000703000000, 0x0000000703200000|  0%| F|  |TAMS 0x0000000703000000, 0x0000000703000000| Untracked 
|  19|0x0000000703200000, 0x0000000703200000, 0x0000000703400000|  0%| F|  |TAMS 0x0000000703200000, 0x0000000703200000| Untracked 
|  20|0x0000000703400000, 0x0000000703400000, 0x0000000703600000|  0%| F|  |TAMS 0x0000000703400000, 0x0000000703400000| Untracked 
|  21|0x0000000703600000, 0x0000000703600000, 0x0000000703800000|  0%| F|  |TAMS 0x0000000703600000, 0x0000000703600000| Untracked 
|  22|0x0000000703800000, 0x0000000703800000, 0x0000000703a00000|  0%| F|  |TAMS 0x0000000703800000, 0x0000000703800000| Untracked 
|  23|0x0000000703a00000, 0x0000000703a00000, 0x0000000703c00000|  0%| F|  |TAMS 0x0000000703a00000, 0x0000000703a00000| Untracked 
|  24|0x0000000703c00000, 0x0000000703c00000, 0x0000000703e00000|  0%| F|  |TAMS 0x0000000703c00000, 0x0000000703c00000| Untracked 
|  25|0x0000000703e00000, 0x0000000703e00000, 0x0000000704000000|  0%| F|  |TAMS 0x0000000703e00000, 0x0000000703e00000| Untracked 
|  26|0x0000000704000000, 0x0000000704000000, 0x0000000704200000|  0%| F|  |TAMS 0x0000000704000000, 0x0000000704000000| Untracked 
|  27|0x0000000704200000, 0x0000000704200000, 0x0000000704400000|  0%| F|  |TAMS 0x0000000704200000, 0x0000000704200000| Untracked 
|  28|0x0000000704400000, 0x0000000704400000, 0x0000000704600000|  0%| F|  |TAMS 0x0000000704400000, 0x0000000704400000| Untracked 
|  29|0x0000000704600000, 0x0000000704600000, 0x0000000704800000|  0%| F|  |TAMS 0x0000000704600000, 0x0000000704600000| Untracked 
|  30|0x0000000704800000, 0x0000000704800000, 0x0000000704a00000|  0%| F|  |TAMS 0x0000000704800000, 0x0000000704800000| Untracked 
|  31|0x0000000704a00000, 0x0000000704a00000, 0x0000000704c00000|  0%| F|  |TAMS 0x0000000704a00000, 0x0000000704a00000| Untracked 
|  32|0x0000000704c00000, 0x0000000704c00000, 0x0000000704e00000|  0%| F|  |TAMS 0x0000000704c00000, 0x0000000704c00000| Untracked 
|  33|0x0000000704e00000, 0x0000000704e00000, 0x0000000705000000|  0%| F|  |TAMS 0x0000000704e00000, 0x0000000704e00000| Untracked 
|  34|0x0000000705000000, 0x0000000705000000, 0x0000000705200000|  0%| F|  |TAMS 0x0000000705000000, 0x0000000705000000| Untracked 
|  35|0x0000000705200000, 0x0000000705200000, 0x0000000705400000|  0%| F|  |TAMS 0x0000000705200000, 0x0000000705200000| Untracked 
|  36|0x0000000705400000, 0x0000000705400000, 0x0000000705600000|  0%| F|  |TAMS 0x0000000705400000, 0x0000000705400000| Untracked 
|  37|0x0000000705600000, 0x0000000705600000, 0x0000000705800000|  0%| F|  |TAMS 0x0000000705600000, 0x0000000705600000| Untracked 
|  38|0x0000000705800000, 0x0000000705800000, 0x0000000705a00000|  0%| F|  |TAMS 0x0000000705800000, 0x0000000705800000| Untracked 
|  39|0x0000000705a00000, 0x0000000705a00000, 0x0000000705c00000|  0%| F|  |TAMS 0x0000000705a00000, 0x0000000705a00000| Untracked 
|  40|0x0000000705c00000, 0x0000000705c00000, 0x0000000705e00000|  0%| F|  |TAMS 0x0000000705c00000, 0x0000000705c00000| Untracked 
|  41|0x0000000705e00000, 0x0000000705e00000, 0x0000000706000000|  0%| F|  |TAMS 0x0000000705e00000, 0x0000000705e00000| Untracked 
|  42|0x0000000706000000, 0x0000000706000000, 0x0000000706200000|  0%| F|  |TAMS 0x0000000706000000, 0x0000000706000000| Untracked 
|  43|0x0000000706200000, 0x0000000706200000, 0x0000000706400000|  0%| F|  |TAMS 0x0000000706200000, 0x0000000706200000| Untracked 
|  44|0x0000000706400000, 0x0000000706400000, 0x0000000706600000|  0%| F|  |TAMS 0x0000000706400000, 0x0000000706400000| Untracked 
|  45|0x0000000706600000, 0x0000000706600000, 0x0000000706800000|  0%| F|  |TAMS 0x0000000706600000, 0x0000000706600000| Untracked 
|  46|0x0000000706800000, 0x0000000706800000, 0x0000000706a00000|  0%| F|  |TAMS 0x0000000706800000, 0x0000000706800000| Untracked 
|  47|0x0000000706a00000, 0x0000000706a00000, 0x0000000706c00000|  0%| F|  |TAMS 0x0000000706a00000, 0x0000000706a00000| Untracked 
|  48|0x0000000706c00000, 0x0000000706c00000, 0x0000000706e00000|  0%| F|  |TAMS 0x0000000706c00000, 0x0000000706c00000| Untracked 
|  49|0x0000000706e00000, 0x0000000706e00000, 0x0000000707000000|  0%| F|  |TAMS 0x0000000706e00000, 0x0000000706e00000| Untracked 
|  50|0x0000000707000000, 0x0000000707000000, 0x0000000707200000|  0%| F|  |TAMS 0x0000000707000000, 0x0000000707000000| Untracked 
|  51|0x0000000707200000, 0x0000000707200000, 0x0000000707400000|  0%| F|  |TAMS 0x0000000707200000, 0x0000000707200000| Untracked 
|  52|0x0000000707400000, 0x0000000707400000, 0x0000000707600000|  0%| F|  |TAMS 0x0000000707400000, 0x0000000707400000| Untracked 
|  53|0x0000000707600000, 0x0000000707600000, 0x0000000707800000|  0%| F|  |TAMS 0x0000000707600000, 0x0000000707600000| Untracked 
|  54|0x0000000707800000, 0x0000000707800000, 0x0000000707a00000|  0%| F|  |TAMS 0x0000000707800000, 0x0000000707800000| Untracked 
|  55|0x0000000707a00000, 0x0000000707a00000, 0x0000000707c00000|  0%| F|  |TAMS 0x0000000707a00000, 0x0000000707a00000| Untracked 
|  56|0x0000000707c00000, 0x0000000707c00000, 0x0000000707e00000|  0%| F|  |TAMS 0x0000000707c00000, 0x0000000707c00000| Untracked 
|  57|0x0000000707e00000, 0x0000000707e00000, 0x0000000708000000|  0%| F|  |TAMS 0x0000000707e00000, 0x0000000707e00000| Untracked 
|  58|0x0000000708000000, 0x0000000708000000, 0x0000000708200000|  0%| F|  |TAMS 0x0000000708000000, 0x0000000708000000| Untracked 
|  59|0x0000000708200000, 0x0000000708200000, 0x0000000708400000|  0%| F|  |TAMS 0x0000000708200000, 0x0000000708200000| Untracked 
|  60|0x0000000708400000, 0x0000000708400000, 0x0000000708600000|  0%| F|  |TAMS 0x0000000708400000, 0x0000000708400000| Untracked 
|  61|0x0000000708600000, 0x0000000708600000, 0x0000000708800000|  0%| F|  |TAMS 0x0000000708600000, 0x0000000708600000| Untracked 
|  62|0x0000000708800000, 0x0000000708800000, 0x0000000708a00000|  0%| F|  |TAMS 0x0000000708800000, 0x0000000708800000| Untracked 
|  63|0x0000000708a00000, 0x0000000708a00000, 0x0000000708c00000|  0%| F|  |TAMS 0x0000000708a00000, 0x0000000708a00000| Untracked 
|  64|0x0000000708c00000, 0x0000000708c00000, 0x0000000708e00000|  0%| F|  |TAMS 0x0000000708c00000, 0x0000000708c00000| Untracked 
|  65|0x0000000708e00000, 0x0000000708e00000, 0x0000000709000000|  0%| F|  |TAMS 0x0000000708e00000, 0x0000000708e00000| Untracked 
|  66|0x0000000709000000, 0x0000000709000000, 0x0000000709200000|  0%| F|  |TAMS 0x0000000709000000, 0x0000000709000000| Untracked 
|  67|0x0000000709200000, 0x0000000709200000, 0x0000000709400000|  0%| F|  |TAMS 0x0000000709200000, 0x0000000709200000| Untracked 
|  68|0x0000000709400000, 0x0000000709400000, 0x0000000709600000|  0%| F|  |TAMS 0x0000000709400000, 0x0000000709400000| Untracked 
|  69|0x0000000709600000, 0x0000000709600000, 0x0000000709800000|  0%| F|  |TAMS 0x0000000709600000, 0x0000000709600000| Untracked 
|  70|0x0000000709800000, 0x0000000709800000, 0x0000000709a00000|  0%| F|  |TAMS 0x0000000709800000, 0x0000000709800000| Untracked 
|  71|0x0000000709a00000, 0x0000000709a00000, 0x0000000709c00000|  0%| F|  |TAMS 0x0000000709a00000, 0x0000000709a00000| Untracked 
|  72|0x0000000709c00000, 0x0000000709c00000, 0x0000000709e00000|  0%| F|  |TAMS 0x0000000709c00000, 0x0000000709c00000| Untracked 
|  73|0x0000000709e00000, 0x0000000709e00000, 0x000000070a000000|  0%| F|  |TAMS 0x0000000709e00000, 0x0000000709e00000| Untracked 
|  74|0x000000070a000000, 0x000000070a000000, 0x000000070a200000|  0%| F|  |TAMS 0x000000070a000000, 0x000000070a000000| Untracked 
|  75|0x000000070a200000, 0x000000070a200000, 0x000000070a400000|  0%| F|  |TAMS 0x000000070a200000, 0x000000070a200000| Untracked 
|  76|0x000000070a400000, 0x000000070a400000, 0x000000070a600000|  0%| F|  |TAMS 0x000000070a400000, 0x000000070a400000| Untracked 
|  77|0x000000070a600000, 0x000000070a600000, 0x000000070a800000|  0%| F|  |TAMS 0x000000070a600000, 0x000000070a600000| Untracked 
|  78|0x000000070a800000, 0x000000070a800000, 0x000000070aa00000|  0%| F|  |TAMS 0x000000070a800000, 0x000000070a800000| Untracked 
|  79|0x000000070aa00000, 0x000000070aa00000, 0x000000070ac00000|  0%| F|  |TAMS 0x000000070aa00000, 0x000000070aa00000| Untracked 
|  80|0x000000070ac00000, 0x000000070ac00000, 0x000000070ae00000|  0%| F|  |TAMS 0x000000070ac00000, 0x000000070ac00000| Untracked 
|  81|0x000000070ae00000, 0x000000070ae00000, 0x000000070b000000|  0%| F|  |TAMS 0x000000070ae00000, 0x000000070ae00000| Untracked 
|  82|0x000000070b000000, 0x000000070b000000, 0x000000070b200000|  0%| F|  |TAMS 0x000000070b000000, 0x000000070b000000| Untracked 
|  83|0x000000070b200000, 0x000000070b200000, 0x000000070b400000|  0%| F|  |TAMS 0x000000070b200000, 0x000000070b200000| Untracked 
|  84|0x000000070b400000, 0x000000070b400000, 0x000000070b600000|  0%| F|  |TAMS 0x000000070b400000, 0x000000070b400000| Untracked 
|  85|0x000000070b600000, 0x000000070b600000, 0x000000070b800000|  0%| F|  |TAMS 0x000000070b600000, 0x000000070b600000| Untracked 
|  86|0x000000070b800000, 0x000000070b800000, 0x000000070ba00000|  0%| F|  |TAMS 0x000000070b800000, 0x000000070b800000| Untracked 
|  87|0x000000070ba00000, 0x000000070ba00000, 0x000000070bc00000|  0%| F|  |TAMS 0x000000070ba00000, 0x000000070ba00000| Untracked 
|  88|0x000000070bc00000, 0x000000070bc00000, 0x000000070be00000|  0%| F|  |TAMS 0x000000070bc00000, 0x000000070bc00000| Untracked 
|  89|0x000000070be00000, 0x000000070be00000, 0x000000070c000000|  0%| F|  |TAMS 0x000000070be00000, 0x000000070be00000| Untracked 
|  90|0x000000070c000000, 0x000000070c000000, 0x000000070c200000|  0%| F|  |TAMS 0x000000070c000000, 0x000000070c000000| Untracked 
|  91|0x000000070c200000, 0x000000070c200000, 0x000000070c400000|  0%| F|  |TAMS 0x000000070c200000, 0x000000070c200000| Untracked 
|  92|0x000000070c400000, 0x000000070c400000, 0x000000070c600000|  0%| F|  |TAMS 0x000000070c400000, 0x000000070c400000| Untracked 
|  93|0x000000070c600000, 0x000000070c600000, 0x000000070c800000|  0%| F|  |TAMS 0x000000070c600000, 0x000000070c600000| Untracked 
|  94|0x000000070c800000, 0x000000070c800000, 0x000000070ca00000|  0%| F|  |TAMS 0x000000070c800000, 0x000000070c800000| Untracked 
|  95|0x000000070ca00000, 0x000000070ca00000, 0x000000070cc00000|  0%| F|  |TAMS 0x000000070ca00000, 0x000000070ca00000| Untracked 
|  96|0x000000070cc00000, 0x000000070cc00000, 0x000000070ce00000|  0%| F|  |TAMS 0x000000070cc00000, 0x000000070cc00000| Untracked 
|  97|0x000000070ce00000, 0x000000070ce00000, 0x000000070d000000|  0%| F|  |TAMS 0x000000070ce00000, 0x000000070ce00000| Untracked 
|  98|0x000000070d000000, 0x000000070d000000, 0x000000070d200000|  0%| F|  |TAMS 0x000000070d000000, 0x000000070d000000| Untracked 
|  99|0x000000070d200000, 0x000000070d200000, 0x000000070d400000|  0%| F|  |TAMS 0x000000070d200000, 0x000000070d200000| Untracked 
| 100|0x000000070d400000, 0x000000070d400000, 0x000000070d600000|  0%| F|  |TAMS 0x000000070d400000, 0x000000070d400000| Untracked 
| 101|0x000000070d600000, 0x000000070d600000, 0x000000070d800000|  0%| F|  |TAMS 0x000000070d600000, 0x000000070d600000| Untracked 
| 102|0x000000070d800000, 0x000000070d800000, 0x000000070da00000|  0%| F|  |TAMS 0x000000070d800000, 0x000000070d800000| Untracked 
| 103|0x000000070da00000, 0x000000070da00000, 0x000000070dc00000|  0%| F|  |TAMS 0x000000070da00000, 0x000000070da00000| Untracked 
| 104|0x000000070dc00000, 0x000000070dc00000, 0x000000070de00000|  0%| F|  |TAMS 0x000000070dc00000, 0x000000070dc00000| Untracked 
| 105|0x000000070de00000, 0x000000070de00000, 0x000000070e000000|  0%| F|  |TAMS 0x000000070de00000, 0x000000070de00000| Untracked 
| 106|0x000000070e000000, 0x000000070e000000, 0x000000070e200000|  0%| F|  |TAMS 0x000000070e000000, 0x000000070e000000| Untracked 
| 107|0x000000070e200000, 0x000000070e200000, 0x000000070e400000|  0%| F|  |TAMS 0x000000070e200000, 0x000000070e200000| Untracked 
| 108|0x000000070e400000, 0x000000070e400000, 0x000000070e600000|  0%| F|  |TAMS 0x000000070e400000, 0x000000070e400000| Untracked 
| 109|0x000000070e600000, 0x000000070e600000, 0x000000070e800000|  0%| F|  |TAMS 0x000000070e600000, 0x000000070e600000| Untracked 
| 110|0x000000070e800000, 0x000000070e800000, 0x000000070ea00000|  0%| F|  |TAMS 0x000000070e800000, 0x000000070e800000| Untracked 
| 111|0x000000070ea00000, 0x000000070ea00000, 0x000000070ec00000|  0%| F|  |TAMS 0x000000070ea00000, 0x000000070ea00000| Untracked 
| 112|0x000000070ec00000, 0x000000070ec00000, 0x000000070ee00000|  0%| F|  |TAMS 0x000000070ec00000, 0x000000070ec00000| Untracked 
| 113|0x000000070ee00000, 0x000000070ee00000, 0x000000070f000000|  0%| F|  |TAMS 0x000000070ee00000, 0x000000070ee00000| Untracked 
| 114|0x000000070f000000, 0x000000070f000000, 0x000000070f200000|  0%| F|  |TAMS 0x000000070f000000, 0x000000070f000000| Untracked 
| 115|0x000000070f200000, 0x000000070f200000, 0x000000070f400000|  0%| F|  |TAMS 0x000000070f200000, 0x000000070f200000| Untracked 
| 116|0x000000070f400000, 0x000000070f400000, 0x000000070f600000|  0%| F|  |TAMS 0x000000070f400000, 0x000000070f400000| Untracked 
| 117|0x000000070f600000, 0x000000070f600000, 0x000000070f800000|  0%| F|  |TAMS 0x000000070f600000, 0x000000070f600000| Untracked 
| 118|0x000000070f800000, 0x000000070f800000, 0x000000070fa00000|  0%| F|  |TAMS 0x000000070f800000, 0x000000070f800000| Untracked 
| 119|0x000000070fa00000, 0x000000070fa00000, 0x000000070fc00000|  0%| F|  |TAMS 0x000000070fa00000, 0x000000070fa00000| Untracked 
| 120|0x000000070fc00000, 0x000000070fc00000, 0x000000070fe00000|  0%| F|  |TAMS 0x000000070fc00000, 0x000000070fc00000| Untracked 
| 121|0x000000070fe00000, 0x000000070fe00000, 0x0000000710000000|  0%| F|  |TAMS 0x000000070fe00000, 0x000000070fe00000| Untracked 
| 122|0x0000000710000000, 0x0000000710000000, 0x0000000710200000|  0%| F|  |TAMS 0x0000000710000000, 0x0000000710000000| Untracked 
| 123|0x0000000710200000, 0x0000000710200000, 0x0000000710400000|  0%| F|  |TAMS 0x0000000710200000, 0x0000000710200000| Untracked 
| 124|0x0000000710400000, 0x0000000710471358, 0x0000000710600000| 22%| E|  |TAMS 0x0000000710400000, 0x0000000710400000| Complete 
| 125|0x0000000710600000, 0x0000000710800000, 0x0000000710800000|100%| E|CS|TAMS 0x0000000710600000, 0x0000000710600000| Complete 
| 126|0x0000000710800000, 0x0000000710a00000, 0x0000000710a00000|100%| E|CS|TAMS 0x0000000710800000, 0x0000000710800000| Complete 
| 127|0x0000000710a00000, 0x0000000710c00000, 0x0000000710c00000|100%| E|CS|TAMS 0x0000000710a00000, 0x0000000710a00000| Complete 

Card table byte_map: [0x0000017acf110000,0x0000017acf910000] _byte_map_base: 0x0000017acb90a000

Marking Bits (Prev, Next): (CMBitMap*) 0x0000017ab7c08580, (CMBitMap*) 0x0000017ab7c085c0
 Prev Bits: [0x0000017ad0110000, 0x0000017ad40e0000)
 Next Bits: [0x0000017ad40e0000, 0x0000017ad80b0000)

Polling page: 0x0000017ab5a20000

Metaspace:

Usage:
  Non-class:      2.46 MB used.
      Class:    249.71 KB used.
       Both:      2.70 MB used.

Virtual space:
  Non-class space:        8.00 MB reserved,       2.50 MB ( 31%) committed,  1 nodes.
      Class space:        1.00 GB reserved,     320.00 KB ( <1%) committed,  1 nodes.
             Both:        1.01 GB reserved,       2.81 MB ( <1%) committed. 

Chunk freelists:
   Non-Class:  3.75 MB
       Class:  3.72 MB
        Both:  7.47 MB

MaxMetaspaceSize: unlimited
CompressedClassSpaceSize: 1.00 GB
Initial GC threshold: 21.00 MB
Current GC threshold: 21.00 MB
CDS: on
MetaspaceReclaimPolicy: balanced
 - commit_granule_bytes: 65536.
 - commit_granule_words: 8192.
 - virtual_space_node_default_size: 1048576.
 - enlarge_chunks_in_place: 1.
 - new_chunks_are_fully_committed: 0.
 - uncommit_free_chunks: 1.
 - use_allocation_guard: 0.
 - handle_deallocations: 1.


Internal statistics:

num_allocs_failed_limit: 0.
num_arena_births: 8.
num_arena_deaths: 0.
num_vsnodes_births: 2.
num_vsnodes_deaths: 0.
num_space_committed: 45.
num_space_uncommitted: 0.
num_chunks_returned_to_freelist: 0.
num_chunks_taken_from_freelist: 27.
num_chunk_merges: 0.
num_chunk_splits: 15.
num_chunks_enlarged: 10.
num_purges: 0.
num_inconsistent_stats: 0.

CodeHeap 'non-profiled nmethods': size=120000Kb used=147Kb max_used=147Kb free=119852Kb
 bounds [0x0000017ac6e90000, 0x0000017ac7100000, 0x0000017ace3c0000]
CodeHeap 'profiled nmethods': size=120000Kb used=677Kb max_used=677Kb free=119322Kb
 bounds [0x0000017abf960000, 0x0000017abfbd0000, 0x0000017ac6e90000]
CodeHeap 'non-nmethods': size=5760Kb used=1198Kb max_used=1216Kb free=4561Kb
 bounds [0x0000017abf3c0000, 0x0000017abf630000, 0x0000017abf960000]
 total_blobs=848 nmethods=437 adapters=324
 compilation: enabled
              stopped_count=0, restarted_count=0
 full_count=0

Compilation events (20 events):
Event: 52.534 Thread 0x0000017adad48610  434       3       org.eclipse.jdt.launching.internal.org.objectweb.asm.SymbolTable$Entry::<init> (17 bytes)
Event: 52.535 Thread 0x0000017adad48610 nmethod 434 0x0000017abfa07e10 code [0x0000017abfa07fc0, 0x0000017abfa08168]
Event: 52.535 Thread 0x0000017adad48610  435       3       org.eclipse.jdt.launching.internal.org.objectweb.asm.ClassReader::readUtf (161 bytes)
Event: 52.537 Thread 0x0000017adad48610 

Event: 52.537 Thread 0x0000017adad48610  436       3       org.eclipse.jdt.launching.internal.org.objectweb.asm.ClassReader::readUTF8 (23 bytes)
Event: 52.538 Thread 0x0000017adad48610 nmethod 436 0x0000017abfa08210 code [0x0000017abfa083c0, 0x0000017abfa08618]
Event: 52.538 Thread 0x0000017adad48610  437       3       org.eclipse.jdt.launching.internal.org.objectweb.asm.SymbolTable::hash (10 bytes)
Event: 52.538 Thread 0x0000017adad48610 nmethod 437 0x0000017abfa08710 code [0x0000017abfa088a0, 0x0000017abfa089e8]
Event: 107.642 Thread 0x0000017adad45080  438       4       org.eclipse.jdt.launching.internal.org.objectweb.asm.ClassReader::readUnsignedShort (26 bytes)
Event: 107.642 Thread 0x0000017adad48610  439       3       org.eclipse.jdt.launching.internal.org.objectweb.asm.ClassReader::readUtf (161 bytes)
Event: 107.644 Thread 0x0000017adad48610 

Event: 107.644 Thread 0x0000017adad45080 

Event: 251.463 Thread 0x0000017adad48610  440       3       org.eclipse.jdt.launching.internal.org.objectweb.asm.ClassReader::readUtf (161 bytes)
Event: 251.465 Thread 0x0000017adad48610 

Event: 272.128 Thread 0x0000017adad48610  441       1       java.security.ProtectionDomain::getCodeSource (5 bytes)
Event: 272.128 Thread 0x0000017adad48610 nmethod 441 0x0000017ac6eb4a90 code [0x0000017ac6eb4c20, 0x0000017ac6eb4cf8]
Event: 272.128 Thread 0x0000017adad48610  442       3       org.eclipse.jdt.launching.internal.org.objectweb.asm.ClassReader::readUtf (161 bytes)
Event: 272.128 Thread 0x0000017adad48610 nmethod 442 0x0000017abfa08b10 code [0x0000017abfa08ce0, 0x0000017abfa091a8]
Event: 272.128 Thread 0x0000017adad48610  443       3       org.eclipse.jdt.launching.internal.org.objectweb.asm.SymbolTable::addConstantUtf8 (20 bytes)
Event: 272.130 Thread 0x0000017adad48610 


GC Heap History (0 events):
No events

Deoptimization events (20 events):
Event: 0.134 Thread 0x0000017ab7bb8090 Uncommon trap: trap_request=0xffffff45 fr.pc=0x0000017ac6ea0d8c relative=0x0000000000000aac
Event: 0.134 Thread 0x0000017ab7bb8090 Uncommon trap: reason=unstable_if action=reinterpret pc=0x0000017ac6ea0d8c method=java.util.HashMap.putVal(ILjava/lang/Object;Ljava/lang/Object;ZZ)Ljava/lang/Object; @ 181 c2
Event: 0.134 Thread 0x0000017ab7bb8090 DEOPT PACKING pc=0x0000017ac6ea0d8c sp=0x0000004f14ffe200
Event: 0.134 Thread 0x0000017ab7bb8090 DEOPT UNPACKING pc=0x0000017abf4123a3 sp=0x0000004f14ffe1b0 mode 2
Event: 0.182 Thread 0x0000017ab7bb8090 Uncommon trap: trap_request=0xffffff45 fr.pc=0x0000017ac6e9ddf8 relative=0x0000000000000078
Event: 0.182 Thread 0x0000017ab7bb8090 Uncommon trap: reason=unstable_if action=reinterpret pc=0x0000017ac6e9ddf8 method=java.lang.String.isLatin1()Z @ 10 c2
Event: 0.182 Thread 0x0000017ab7bb8090 DEOPT PACKING pc=0x0000017ac6e9ddf8 sp=0x0000004f14ffee30
Event: 0.182 Thread 0x0000017ab7bb8090 DEOPT UNPACKING pc=0x0000017abf4123a3 sp=0x0000004f14ffed80 mode 2
Event: 0.183 Thread 0x0000017ab7bb8090 DEOPT PACKING pc=0x0000017abf98a9ea sp=0x0000004f14ffbf80
Event: 0.183 Thread 0x0000017ab7bb8090 DEOPT UNPACKING pc=0x0000017abf412b43 sp=0x0000004f14ffb3a0 mode 0
Event: 0.196 Thread 0x0000017ab7bb8090 DEOPT PACKING pc=0x0000017abf9dab7c sp=0x0000004f14ffbaf0
Event: 0.196 Thread 0x0000017ab7bb8090 DEOPT UNPACKING pc=0x0000017abf412b43 sp=0x0000004f14ffaf58 mode 0
Event: 0.198 Thread 0x0000017ab7bb8090 DEOPT PACKING pc=0x0000017abf9dab7c sp=0x0000004f14ff8020
Event: 0.198 Thread 0x0000017ab7bb8090 DEOPT UNPACKING pc=0x0000017abf412b43 sp=0x0000004f14ff7488 mode 0
Event: 0.199 Thread 0x0000017ab7bb8090 DEOPT PACKING pc=0x0000017abf9dab7c sp=0x0000004f14ffba20
Event: 0.199 Thread 0x0000017ab7bb8090 DEOPT UNPACKING pc=0x0000017abf412b43 sp=0x0000004f14ffae88 mode 0
Event: 0.199 Thread 0x0000017ab7bb8090 DEOPT PACKING pc=0x0000017abf9dab7c sp=0x0000004f14ffbaf0
Event: 0.199 Thread 0x0000017ab7bb8090 DEOPT UNPACKING pc=0x0000017abf412b43 sp=0x0000004f14ffaf58 mode 0
Event: 0.204 Thread 0x0000017ab7bb8090 DEOPT PACKING pc=0x0000017abf9bd99f sp=0x0000004f14ff82a0
Event: 0.204 Thread 0x0000017ab7bb8090 DEOPT UNPACKING pc=0x0000017abf412b43 sp=0x0000004f14ff7738 mode 0

Classes unloaded (0 events):
No events

Classes redefined (5 events):
Event: 31.040 Thread 0x0000017adad1de00 redefined class name=factory.data.read.implementation.A4Strategy, count=1
Event: 52.535 Thread 0x0000017adad1de00 redefined class name=factory.data.read.implementation.A4Strategy, count=2
Event: 107.643 Thread 0x0000017adad1de00 redefined class name=factory.data.read.implementation.A4Strategy, count=3
Event: 251.464 Thread 0x0000017adad1de00 redefined class name=factory.data.read.implementation.A4Strategy, count=4
Event: 272.129 Thread 0x0000017adad1de00 redefined class name=factory.data.read.implementation.A4Strategy, count=5

Internal exceptions (0 events):
No events

VM Operations (20 events):
Event: 251.461 Executing VM operation: ChangeSingleStep
Event: 251.461 Executing VM operation: ChangeSingleStep done
Event: 251.464 Executing VM operation: RedefineClasses
Event: 251.465 Executing VM operation: RedefineClasses done
Event: 251.466 Executing VM operation: ChangeSingleStep
Event: 251.466 Executing VM operation: ChangeSingleStep done
Event: 251.466 Executing VM operation: ChangeSingleStep
Event: 251.466 Executing VM operation: ChangeSingleStep done
Event: 251.551 Executing VM operation: get/set locals
Event: 251.551 Executing VM operation: get/set locals done
Event: 272.126 Executing VM operation: ChangeSingleStep
Event: 272.126 Executing VM operation: ChangeSingleStep done
Event: 272.126 Executing VM operation: ChangeSingleStep
Event: 272.126 Executing VM operation: ChangeSingleStep done
Event: 272.128 Executing VM operation: RedefineClasses
Event: 272.130 Executing VM operation: RedefineClasses done
Event: 272.130 Executing VM operation: ChangeSingleStep
Event: 272.130 Executing VM operation: ChangeSingleStep done
Event: 272.131 Executing VM operation: ChangeSingleStep
Event: 272.131 Executing VM operation: ChangeSingleStep done

Events (20 events):
Event: 0.191 loading class jdk/internal/reflect/ClassDefiner done
Event: 0.191 loading class jdk/internal/reflect/ClassDefiner$1
Event: 0.191 loading class jdk/internal/reflect/ClassDefiner$1 done
Event: 0.191 loading class jdk/internal/reflect/BootstrapConstructorAccessorImpl
Event: 0.191 loading class jdk/internal/reflect/BootstrapConstructorAccessorImpl done
Event: 0.204 loading class java/lang/IllegalStateException
Event: 0.204 loading class java/lang/IllegalStateException done
Event: 0.205 loading class java/io/Reader
Event: 0.205 loading class java/io/Reader done
Event: 0.205 loading class java/io/FileReader
Event: 0.206 loading class java/io/InputStreamReader
Event: 0.206 loading class java/io/InputStreamReader done
Event: 0.206 loading class java/io/FileReader done
Event: 0.207 loading class java/io/BufferedReader
Event: 0.207 loading class java/io/BufferedReader done
Event: 0.207 loading class sun/nio/cs/StreamDecoder
Event: 0.207 loading class sun/nio/cs/StreamDecoder done
Event: 5.169 loading class java/util/Vector$Itr
Event: 5.169 loading class java/util/Vector$Itr done
Event: 5.223 Thread 0x0000017adc174010 Thread exited: 0x0000017adc174010


Dynamic libraries:
0x00007ff6f7a90000 - 0x00007ff6f7aa0000 	C:\Program Files\Java\jdk-17.0.1\bin\javaw.exe
0x00007ffe1e2f0000 - 0x00007ffe1e4e5000 	C:\Windows\SYSTEM32\ntdll.dll
0x00007ffe1dc90000 - 0x00007ffe1dd4e000 	C:\Windows\System32\KERNEL32.DLL
0x00007ffe1bae0000 - 0x00007ffe1bda8000 	C:\Windows\System32\KERNELBASE.dll
0x00007ffe1c0b0000 - 0x00007ffe1c1b0000 	C:\Windows\System32\ucrtbase.dll
0x00007ffe13790000 - 0x00007ffe137a8000 	C:\Program Files\Java\jdk-17.0.1\bin\jli.dll
0x00007ffe168c0000 - 0x00007ffe168da000 	C:\Program Files\Java\jdk-17.0.1\bin\VCRUNTIME140.dll
0x00007ffe1d930000 - 0x00007ffe1d9de000 	C:\Windows\System32\ADVAPI32.dll
0x00007ffe1e110000 - 0x00007ffe1e1ae000 	C:\Windows\System32\msvcrt.dll
0x00007ffe1e210000 - 0x00007ffe1e2ac000 	C:\Windows\System32\sechost.dll
0x00007ffe1c9b0000 - 0x00007ffe1cad5000 	C:\Windows\System32\RPCRT4.dll
0x00007ffe1cae0000 - 0x00007ffe1cc81000 	C:\Windows\System32\USER32.dll
0x00007ffe1bab0000 - 0x00007ffe1bad2000 	C:\Windows\System32\win32u.dll
0x00007ffe10ba0000 - 0x00007ffe10e3a000 	C:\Windows\WinSxS\amd64_microsoft.windows.common-controls_6595b64144ccf1df_6.0.19041.1110_none_60b5254171f9507e\COMCTL32.dll
0x00007ffe1dfb0000 - 0x00007ffe1dfdb000 	C:\Windows\System32\GDI32.dll
0x00007ffe1bdb0000 - 0x00007ffe1bebd000 	C:\Windows\System32\gdi32full.dll
0x00007ffe1c200000 - 0x00007ffe1c29d000 	C:\Windows\System32\msvcp_win.dll
0x00007ffe15930000 - 0x00007ffe1593a000 	C:\Windows\SYSTEM32\VERSION.dll
0x00007ffe1df80000 - 0x00007ffe1dfb0000 	C:\Windows\System32\IMM32.DLL
0x00007ffe15050000 - 0x00007ffe1505c000 	C:\Program Files\Java\jdk-17.0.1\bin\vcruntime140_1.dll
0x00007ffe0ec70000 - 0x00007ffe0ecfd000 	C:\Program Files\Java\jdk-17.0.1\bin\msvcp140.dll
0x00007ffde2ce0000 - 0x00007ffde389e000 	C:\Program Files\Java\jdk-17.0.1\bin\server\jvm.dll
0x00007ffe1df70000 - 0x00007ffe1df78000 	C:\Windows\System32\PSAPI.DLL
0x00007ffe12330000 - 0x00007ffe12357000 	C:\Windows\SYSTEM32\WINMM.dll
0x00007ffe05e30000 - 0x00007ffe05e39000 	C:\Windows\SYSTEM32\WSOCK32.dll
0x00007ffe1db90000 - 0x00007ffe1dbfb000 	C:\Windows\System32\WS2_32.dll
0x00007ffe19910000 - 0x00007ffe19922000 	C:\Windows\SYSTEM32\kernel.appcore.dll
0x00007ffe10ee0000 - 0x00007ffe10eea000 	C:\Program Files\Java\jdk-17.0.1\bin\jimage.dll
0x00007ffe08720000 - 0x00007ffe08904000 	C:\Windows\SYSTEM32\DBGHELP.DLL
0x00007ffe086e0000 - 0x00007ffe0870c000 	C:\Windows\SYSTEM32\dbgcore.DLL
0x00007ffe1c2a0000 - 0x00007ffe1c322000 	C:\Windows\System32\bcryptPrimitives.dll
0x00007ffe0edc0000 - 0x00007ffe0edfb000 	C:\Program Files\Java\jdk-17.0.1\bin\jdwp.dll
0x00007ffe10ed0000 - 0x00007ffe10ede000 	C:\Program Files\Java\jdk-17.0.1\bin\instrument.dll
0x00007ffe0ec40000 - 0x00007ffe0ec65000 	C:\Program Files\Java\jdk-17.0.1\bin\java.dll
0x00007ffe0e450000 - 0x00007ffe0e526000 	C:\Program Files\Java\jdk-17.0.1\bin\svml.dll
0x00007ffe1ce80000 - 0x00007ffe1d5c4000 	C:\Windows\System32\SHELL32.dll
0x00007ffe19b10000 - 0x00007ffe1a2a5000 	C:\Windows\SYSTEM32\windows.storage.dll
0x00007ffe1d5d0000 - 0x00007ffe1d925000 	C:\Windows\System32\combase.dll
0x00007ffe1b450000 - 0x00007ffe1b47e000 	C:\Windows\SYSTEM32\Wldp.dll
0x00007ffe1cdd0000 - 0x00007ffe1ce7d000 	C:\Windows\System32\SHCORE.dll
0x00007ffe1e1b0000 - 0x00007ffe1e205000 	C:\Windows\System32\shlwapi.dll
0x00007ffe1b940000 - 0x00007ffe1b95f000 	C:\Windows\SYSTEM32\profapi.dll
0x00007ffe10b00000 - 0x00007ffe10b0c000 	C:\Program Files\Java\jdk-17.0.1\bin\dt_socket.dll
0x00007ffe1ae50000 - 0x00007ffe1ae8b000 	C:\Windows\SYSTEM32\IPHLPAPI.DLL
0x0000000180000000 - 0x0000000180025000 	C:\Program Files (x86)\Common Files\NSL\nslsp64.dll
0x00007ffe1b1b0000 - 0x00007ffe1b21a000 	C:\Windows\system32\mswsock.dll
0x00007ffe1aea0000 - 0x00007ffe1af6b000 	C:\Windows\SYSTEM32\DNSAPI.dll
0x00007ffe1dc20000 - 0x00007ffe1dc28000 	C:\Windows\System32\NSI.dll
0x00007ffe15860000 - 0x00007ffe1586a000 	C:\Windows\System32\rasadhlp.dll
0x00007ffe12960000 - 0x00007ffe129df000 	C:\Windows\System32\fwpuclnt.dll
0x00007ffe1c080000 - 0x00007ffe1c0a7000 	C:\Windows\System32\bcrypt.dll
0x00007ffe0ec20000 - 0x00007ffe0ec38000 	C:\Program Files\Java\jdk-17.0.1\bin\zip.dll
0x00007ffe0ebe0000 - 0x00007ffe0ebf9000 	C:\Program Files\Java\jdk-17.0.1\bin\net.dll
0x00007ffe15d80000 - 0x00007ffe15e8c000 	C:\Windows\SYSTEM32\WINHTTP.dll
0x00007ffe0e430000 - 0x00007ffe0e445000 	C:\Program Files\Java\jdk-17.0.1\bin\nio.dll
0x00007ffe0f2a0000 - 0x00007ffe0f2b0000 	C:\Program Files\Java\jdk-17.0.1\bin\verify.dll

dbghelp: loaded successfully - version: 4.0.5 - missing functions: none
symbol engine: initialized successfully - sym options: 0x614 - pdb path: .;C:\Program Files\Java\jdk-17.0.1\bin;C:\Windows\SYSTEM32;C:\Windows\WinSxS\amd64_microsoft.windows.common-controls_6595b64144ccf1df_6.0.19041.1110_none_60b5254171f9507e;C:\Program Files\Java\jdk-17.0.1\bin\server;C:\Program Files (x86)\Common Files\NSL

VM Arguments:
jvm_args: -XX:+ShowCodeDetailsInExceptionMessages -agentlib:jdwp=transport=dt_socket,suspend=y,address=localhost:4835 -javaagent:C:\Users\LAB7\.eclipse\org.eclipse.platform_4.21.0_1273741858_win32_win32_x86_64\configuration\org.eclipse.osgi\415\0\.cp\lib\javaagent-shaded.jar -Dfile.encoding=Cp1250 
java_command: MainPom
java_class_path (initial): C:\Users\LAB7\eclipse-workspace\CLToolBox\bin;C:\Program Files\eclipse-jee-2021-09-R-win32-x86_64\eclipse\plugins\org.junit.jupiter.api_5.7.1.v20210222-1948.jar;C:\Program Files\eclipse-jee-2021-09-R-win32-x86_64\eclipse\plugins\org.junit.jupiter.engine_5.7.1.v20210222-1948.jar;C:\Program Files\eclipse-jee-2021-09-R-win32-x86_64\eclipse\plugins\org.junit.jupiter.migrationsupport_5.7.1.v20210222-1948.jar;C:\Program Files\eclipse-jee-2021-09-R-win32-x86_64\eclipse\plugins\org.junit.jupiter.params_5.7.1.v20210222-1948.jar;C:\Program Files\eclipse-jee-2021-09-R-win32-x86_64\eclipse\plugins\org.junit.platform.commons_1.7.1.v20210222-1948.jar;C:\Program Files\eclipse-jee-2021-09-R-win32-x86_64\eclipse\plugins\org.junit.platform.engine_1.7.1.v20210222-1948.jar;C:\Program Files\eclipse-jee-2021-09-R-win32-x86_64\eclipse\plugins\org.junit.platform.launcher_1.7.1.v20210222-1948.jar;C:\Program Files\eclipse-jee-2021-09-R-win32-x86_64\eclipse\plugins\org.junit.platform.runner_1.7.1.v20210222-1948.jar;C:\Program Files\eclipse-jee-2021-09-R-win32-x86_64\eclipse\plugins\org.junit.platform.suite.api_1.7.1.v20210222-1948.jar;C:\Program Files\eclipse-jee-2021-09-R-win32-x86_64\eclipse\plugins\org.junit.vintage.engine_5.7.1.v20210222-1948.jar;C:\Program Files\eclipse-jee-2021-09-R-win32-x86_64\eclipse\plugins\org.opentest4j_1.2.0.v20190826-0900.jar;C:\Program Files\eclipse-jee-2021-09-R-win32-x86_64\eclipse\plugins\org.apiguardian_1.1.0.v20190826-0900.jar;C:\Program Files\eclipse-jee-2021-09-R-win32-x86_64\eclipse\plugins\org.junit_4.13.0.v20200204-1500.jar;C:\Program Files\eclipse-jee-2021-09-R-win32-x86_64\eclipse\plugins\org.hamcrest.core_1.3.0.v20180420-1519.jar
Launcher Type: SUN_STANDARD

[Global flags]
     intx CICompilerCount                          = 4                                         {product} {ergonomic}
     uint ConcGCThreads                            = 3                                         {product} {ergonomic}
     uint G1ConcRefinementThreads                  = 10                                        {product} {ergonomic}
   size_t G1HeapRegionSize                         = 2097152                                   {product} {ergonomic}
    uintx GCDrainStackTargetSize                   = 64                                        {product} {ergonomic}
   size_t InitialHeapSize                          = 268435456                                 {product} {ergonomic}
   size_t MarkStackSize                            = 4194304                                   {product} {ergonomic}
   size_t MaxHeapSize                              = 4282384384                                {product} {ergonomic}
   size_t MaxNewSize                               = 2569011200                                {product} {ergonomic}
   size_t MinHeapDeltaBytes                        = 2097152                                   {product} {ergonomic}
   size_t MinHeapSize                              = 8388608                                   {product} {ergonomic}
    uintx NonNMethodCodeHeapSize                   = 5839372                                {pd product} {ergonomic}
    uintx NonProfiledCodeHeapSize                  = 122909434                              {pd product} {ergonomic}
    uintx ProfiledCodeHeapSize                     = 122909434                              {pd product} {ergonomic}
    uintx ReservedCodeCacheSize                    = 251658240                              {pd product} {ergonomic}
     bool SegmentedCodeCache                       = true                                      {product} {ergonomic}
     bool ShowCodeDetailsInExceptionMessages       = true                                   {manageable} {command line}
   size_t SoftMaxHeapSize                          = 4282384384                             {manageable} {ergonomic}
     bool UseCompressedClassPointers               = true                           {product lp64_product} {ergonomic}
     bool UseCompressedOops                        = true                           {product lp64_product} {ergonomic}
     bool UseG1GC                                  = true                                      {product} {ergonomic}
     bool UseLargePagesIndividualAllocation        = false                                  {pd product} {ergonomic}

Logging:
Log output configuration:
 #0: stdout all=warning uptime,level,tags
 #1: stderr all=off uptime,level,tags

Environment Variables:
JAVA_HOME=C:\Program Files\Java\jdk-17.0.1
PATH=C:/Program Files/eclipse-jee-2021-09-R-win32-x86_64/eclipse//plugins/org.eclipse.justj.openjdk.hotspot.jre.full.win32.x86_64_16.0.2.v20210721-1149/jre/bin/server;C:/Program Files/eclipse-jee-2021-09-R-win32-x86_64/eclipse//plugins/org.eclipse.justj.openjdk.hotspot.jre.full.win32.x86_64_16.0.2.v20210721-1149/jre/bin;C:\Program Files\Common Files\Oracle\Java\javapath;C:\Windows\system32;C:\Windows;C:\Windows\System32\Wbem;C:\Windows\System32\WindowsPowerShell\v1.0\;C:\Windows\System32\OpenSSH\;c:\altera\91sp2\quartus\bin;C:\Program Files\Microsoft SQL Server\150\Tools\Binn\;C:\Program Files\Microsoft SQL Server\Client SDK\ODBC\170\Tools\Binn\;C:\Program Files\dotnet\;C:\Program Files\Java\jdk-17.0.1\bin;C:\Program Files\TortoiseSVN\bin;C:\Program Files (x86)\Microsoft SQL Server\150\DTS\Binn\;C:\Program Files\Azure Data Studio\bin;C:\Program Files\PuTTY\;C:\Program Files (x86)\Microsoft SQL Server\100\Tools\Binn\;C:\Program Files\Microsoft SQL Server\100\Tools\Binn\;C:\Program Files\Microsoft SQL Server\100\DTS\Binn\;C:\Users\LAB7\AppData\Local\Microsoft\WindowsApps;C:\Users\LAB7\.dotnet\tools;C:\Flex Windows\gcc\bin;C:\Flex Windows\Lex\bin;C:\Flex Windows\bison\bin;C:\Users\LAB7\AppData\Local\Programs\Microsoft VS Code\bin;C:\Program Files\Azure Data Studio\bin;C:\Program Files\eclipse-jee-2021-09-R-win32-x86_64\eclipse;
USERNAME=LAB7
OS=Windows_NT
PROCESSOR_IDENTIFIER=AMD64 Family 23 Model 113 Stepping 0, AuthenticAMD



---------------  S Y S T E M  ---------------

OS:
 Windows 10 , 64 bit Build 19041 (10.0.19041.1466)
OS uptime: 8 days 23:36 hours

CPU: total 12 (initial active 12) (12 cores per cpu, 2 threads per core) family 23 model 113 stepping 0 microcode 0x0, cx8, cmov, fxsr, ht, mmx, 3dnowpref, sse, sse2, sse3, ssse3, sse4a, sse4.1, sse4.2, popcnt, lzcnt, tsc, tscinvbit, avx, avx2, aes, clmul, bmi1, bmi2, adx, sha, fma, vzeroupper, clflush, clflushopt

Memory: 4k page, system-wide physical 16330M (11528M free)
TotalPageFile size 18762M (AvailPageFile size 12437M)
current process WorkingSet (physical memory assigned to process): 44M, peak: 48M
current process commit charge ("private bytes"): 352M, peak: 356M

vm_info: Java HotSpot(TM) 64-Bit Server VM (17.0.1+12-LTS-39) for windows-amd64 JRE (17.0.1+12-LTS-39), built on Sep 27 2021 18:41:35 by "mach5one" with MS VC++ 16.8 (VS2019)

END.
